                                      1 ;--------------------------------------------------------
                                      2 ; File Created by SDCC : free open source ISO C Compiler 
                                      3 ; Version 4.4.0 #14620 (MINGW32)
                                      4 ;--------------------------------------------------------
                                      5 	.module cooperative
                                      6 	.optsdcc -mmcs51 --model-small
                                      7 	
                                      8 ;--------------------------------------------------------
                                      9 ; Public variables in this module
                                     10 ;--------------------------------------------------------
                                     11 	.globl _Bootstrap
                                     12 	.globl _main
                                     13 	.globl _CY
                                     14 	.globl _AC
                                     15 	.globl _F0
                                     16 	.globl _RS1
                                     17 	.globl _RS0
                                     18 	.globl _OV
                                     19 	.globl _F1
                                     20 	.globl _P
                                     21 	.globl _PS
                                     22 	.globl _PT1
                                     23 	.globl _PX1
                                     24 	.globl _PT0
                                     25 	.globl _PX0
                                     26 	.globl _RD
                                     27 	.globl _WR
                                     28 	.globl _T1
                                     29 	.globl _T0
                                     30 	.globl _INT1
                                     31 	.globl _INT0
                                     32 	.globl _TXD
                                     33 	.globl _RXD
                                     34 	.globl _P3_7
                                     35 	.globl _P3_6
                                     36 	.globl _P3_5
                                     37 	.globl _P3_4
                                     38 	.globl _P3_3
                                     39 	.globl _P3_2
                                     40 	.globl _P3_1
                                     41 	.globl _P3_0
                                     42 	.globl _EA
                                     43 	.globl _ES
                                     44 	.globl _ET1
                                     45 	.globl _EX1
                                     46 	.globl _ET0
                                     47 	.globl _EX0
                                     48 	.globl _P2_7
                                     49 	.globl _P2_6
                                     50 	.globl _P2_5
                                     51 	.globl _P2_4
                                     52 	.globl _P2_3
                                     53 	.globl _P2_2
                                     54 	.globl _P2_1
                                     55 	.globl _P2_0
                                     56 	.globl _SM0
                                     57 	.globl _SM1
                                     58 	.globl _SM2
                                     59 	.globl _REN
                                     60 	.globl _TB8
                                     61 	.globl _RB8
                                     62 	.globl _TI
                                     63 	.globl _RI
                                     64 	.globl _P1_7
                                     65 	.globl _P1_6
                                     66 	.globl _P1_5
                                     67 	.globl _P1_4
                                     68 	.globl _P1_3
                                     69 	.globl _P1_2
                                     70 	.globl _P1_1
                                     71 	.globl _P1_0
                                     72 	.globl _TF1
                                     73 	.globl _TR1
                                     74 	.globl _TF0
                                     75 	.globl _TR0
                                     76 	.globl _IE1
                                     77 	.globl _IT1
                                     78 	.globl _IE0
                                     79 	.globl _IT0
                                     80 	.globl _P0_7
                                     81 	.globl _P0_6
                                     82 	.globl _P0_5
                                     83 	.globl _P0_4
                                     84 	.globl _P0_3
                                     85 	.globl _P0_2
                                     86 	.globl _P0_1
                                     87 	.globl _P0_0
                                     88 	.globl _B
                                     89 	.globl _ACC
                                     90 	.globl _PSW
                                     91 	.globl _IP
                                     92 	.globl _P3
                                     93 	.globl _IE
                                     94 	.globl _P2
                                     95 	.globl _SBUF
                                     96 	.globl _SCON
                                     97 	.globl _P1
                                     98 	.globl _TH1
                                     99 	.globl _TH0
                                    100 	.globl _TL1
                                    101 	.globl _TL0
                                    102 	.globl _TMOD
                                    103 	.globl _TCON
                                    104 	.globl _PCON
                                    105 	.globl _DPH
                                    106 	.globl _DPL
                                    107 	.globl _SP
                                    108 	.globl _P0
                                    109 	.globl _newSP
                                    110 	.globl _tempSP
                                    111 	.globl _curThreadID
                                    112 	.globl _ValidBitMap
                                    113 	.globl _newThreadID
                                    114 	.globl _Pointer
                                    115 	.globl _ThreadCreate
                                    116 	.globl _ThreadYield
                                    117 	.globl _ThreadExit
                                    118 ;--------------------------------------------------------
                                    119 ; special function registers
                                    120 ;--------------------------------------------------------
                                    121 	.area RSEG    (ABS,DATA)
      000000                        122 	.org 0x0000
                           000080   123 _P0	=	0x0080
                           000081   124 _SP	=	0x0081
                           000082   125 _DPL	=	0x0082
                           000083   126 _DPH	=	0x0083
                           000087   127 _PCON	=	0x0087
                           000088   128 _TCON	=	0x0088
                           000089   129 _TMOD	=	0x0089
                           00008A   130 _TL0	=	0x008a
                           00008B   131 _TL1	=	0x008b
                           00008C   132 _TH0	=	0x008c
                           00008D   133 _TH1	=	0x008d
                           000090   134 _P1	=	0x0090
                           000098   135 _SCON	=	0x0098
                           000099   136 _SBUF	=	0x0099
                           0000A0   137 _P2	=	0x00a0
                           0000A8   138 _IE	=	0x00a8
                           0000B0   139 _P3	=	0x00b0
                           0000B8   140 _IP	=	0x00b8
                           0000D0   141 _PSW	=	0x00d0
                           0000E0   142 _ACC	=	0x00e0
                           0000F0   143 _B	=	0x00f0
                                    144 ;--------------------------------------------------------
                                    145 ; special function bits
                                    146 ;--------------------------------------------------------
                                    147 	.area RSEG    (ABS,DATA)
      000000                        148 	.org 0x0000
                           000080   149 _P0_0	=	0x0080
                           000081   150 _P0_1	=	0x0081
                           000082   151 _P0_2	=	0x0082
                           000083   152 _P0_3	=	0x0083
                           000084   153 _P0_4	=	0x0084
                           000085   154 _P0_5	=	0x0085
                           000086   155 _P0_6	=	0x0086
                           000087   156 _P0_7	=	0x0087
                           000088   157 _IT0	=	0x0088
                           000089   158 _IE0	=	0x0089
                           00008A   159 _IT1	=	0x008a
                           00008B   160 _IE1	=	0x008b
                           00008C   161 _TR0	=	0x008c
                           00008D   162 _TF0	=	0x008d
                           00008E   163 _TR1	=	0x008e
                           00008F   164 _TF1	=	0x008f
                           000090   165 _P1_0	=	0x0090
                           000091   166 _P1_1	=	0x0091
                           000092   167 _P1_2	=	0x0092
                           000093   168 _P1_3	=	0x0093
                           000094   169 _P1_4	=	0x0094
                           000095   170 _P1_5	=	0x0095
                           000096   171 _P1_6	=	0x0096
                           000097   172 _P1_7	=	0x0097
                           000098   173 _RI	=	0x0098
                           000099   174 _TI	=	0x0099
                           00009A   175 _RB8	=	0x009a
                           00009B   176 _TB8	=	0x009b
                           00009C   177 _REN	=	0x009c
                           00009D   178 _SM2	=	0x009d
                           00009E   179 _SM1	=	0x009e
                           00009F   180 _SM0	=	0x009f
                           0000A0   181 _P2_0	=	0x00a0
                           0000A1   182 _P2_1	=	0x00a1
                           0000A2   183 _P2_2	=	0x00a2
                           0000A3   184 _P2_3	=	0x00a3
                           0000A4   185 _P2_4	=	0x00a4
                           0000A5   186 _P2_5	=	0x00a5
                           0000A6   187 _P2_6	=	0x00a6
                           0000A7   188 _P2_7	=	0x00a7
                           0000A8   189 _EX0	=	0x00a8
                           0000A9   190 _ET0	=	0x00a9
                           0000AA   191 _EX1	=	0x00aa
                           0000AB   192 _ET1	=	0x00ab
                           0000AC   193 _ES	=	0x00ac
                           0000AF   194 _EA	=	0x00af
                           0000B0   195 _P3_0	=	0x00b0
                           0000B1   196 _P3_1	=	0x00b1
                           0000B2   197 _P3_2	=	0x00b2
                           0000B3   198 _P3_3	=	0x00b3
                           0000B4   199 _P3_4	=	0x00b4
                           0000B5   200 _P3_5	=	0x00b5
                           0000B6   201 _P3_6	=	0x00b6
                           0000B7   202 _P3_7	=	0x00b7
                           0000B0   203 _RXD	=	0x00b0
                           0000B1   204 _TXD	=	0x00b1
                           0000B2   205 _INT0	=	0x00b2
                           0000B3   206 _INT1	=	0x00b3
                           0000B4   207 _T0	=	0x00b4
                           0000B5   208 _T1	=	0x00b5
                           0000B6   209 _WR	=	0x00b6
                           0000B7   210 _RD	=	0x00b7
                           0000B8   211 _PX0	=	0x00b8
                           0000B9   212 _PT0	=	0x00b9
                           0000BA   213 _PX1	=	0x00ba
                           0000BB   214 _PT1	=	0x00bb
                           0000BC   215 _PS	=	0x00bc
                           0000D0   216 _P	=	0x00d0
                           0000D1   217 _F1	=	0x00d1
                           0000D2   218 _OV	=	0x00d2
                           0000D3   219 _RS0	=	0x00d3
                           0000D4   220 _RS1	=	0x00d4
                           0000D5   221 _F0	=	0x00d5
                           0000D6   222 _AC	=	0x00d6
                           0000D7   223 _CY	=	0x00d7
                                    224 ;--------------------------------------------------------
                                    225 ; overlayable register banks
                                    226 ;--------------------------------------------------------
                                    227 	.area REG_BANK_0	(REL,OVR,DATA)
      000000                        228 	.ds 8
                                    229 ;--------------------------------------------------------
                                    230 ; internal ram data
                                    231 ;--------------------------------------------------------
                                    232 	.area DSEG    (DATA)
                           000030   233 _Pointer	=	0x0030
                           00003C   234 _newThreadID	=	0x003c
                           000034   235 _ValidBitMap	=	0x0034
                           000021   236 _curThreadID	=	0x0021
                           000022   237 _tempSP	=	0x0022
                           000023   238 _newSP	=	0x0023
                                    239 ;--------------------------------------------------------
                                    240 ; overlayable items in internal ram
                                    241 ;--------------------------------------------------------
                                    242 	.area	OSEG    (OVR,DATA)
                                    243 ;--------------------------------------------------------
                                    244 ; indirectly addressable internal ram data
                                    245 ;--------------------------------------------------------
                                    246 	.area ISEG    (DATA)
                                    247 ;--------------------------------------------------------
                                    248 ; absolute internal ram data
                                    249 ;--------------------------------------------------------
                                    250 	.area IABS    (ABS,DATA)
                                    251 	.area IABS    (ABS,DATA)
                                    252 ;--------------------------------------------------------
                                    253 ; bit data
                                    254 ;--------------------------------------------------------
                                    255 	.area BSEG    (BIT)
                                    256 ;--------------------------------------------------------
                                    257 ; paged external ram data
                                    258 ;--------------------------------------------------------
                                    259 	.area PSEG    (PAG,XDATA)
                                    260 ;--------------------------------------------------------
                                    261 ; uninitialized external ram data
                                    262 ;--------------------------------------------------------
                                    263 	.area XSEG    (XDATA)
                                    264 ;--------------------------------------------------------
                                    265 ; absolute external ram data
                                    266 ;--------------------------------------------------------
                                    267 	.area XABS    (ABS,XDATA)
                                    268 ;--------------------------------------------------------
                                    269 ; initialized external ram data
                                    270 ;--------------------------------------------------------
                                    271 	.area XISEG   (XDATA)
                                    272 	.area HOME    (CODE)
                                    273 	.area GSINIT0 (CODE)
                                    274 	.area GSINIT1 (CODE)
                                    275 	.area GSINIT2 (CODE)
                                    276 	.area GSINIT3 (CODE)
                                    277 	.area GSINIT4 (CODE)
                                    278 	.area GSINIT5 (CODE)
                                    279 	.area GSINIT  (CODE)
                                    280 	.area GSFINAL (CODE)
                                    281 	.area CSEG    (CODE)
                                    282 ;--------------------------------------------------------
                                    283 ; global & static initialisations
                                    284 ;--------------------------------------------------------
                                    285 	.area HOME    (CODE)
                                    286 	.area GSINIT  (CODE)
                                    287 	.area GSFINAL (CODE)
                                    288 	.area GSINIT  (CODE)
                                    289 ;--------------------------------------------------------
                                    290 ; Home
                                    291 ;--------------------------------------------------------
                                    292 	.area HOME    (CODE)
                                    293 	.area HOME    (CODE)
                                    294 ;--------------------------------------------------------
                                    295 ; code
                                    296 ;--------------------------------------------------------
                                    297 	.area CSEG    (CODE)
                                    298 ;------------------------------------------------------------
                                    299 ;Allocation info for local variables in function 'Bootstrap'
                                    300 ;------------------------------------------------------------
                                    301 ;	cooperative.c:118: void Bootstrap(void)
                                    302 ;	-----------------------------------------
                                    303 ;	 function Bootstrap
                                    304 ;	-----------------------------------------
      000000                        305 _Bootstrap:
                           000007   306 	ar7 = 0x07
                           000006   307 	ar6 = 0x06
                           000005   308 	ar5 = 0x05
                           000004   309 	ar4 = 0x04
                           000003   310 	ar3 = 0x03
                           000002   311 	ar2 = 0x02
                           000001   312 	ar1 = 0x01
                           000000   313 	ar0 = 0x00
                                    314 ;	cooperative.c:133: ValidBitMap = 0b0000;
      000000 E4               [12]  315 	clr	a
      000001 F5 34            [12]  316 	mov	_ValidBitMap,a
      000003 F5 35            [12]  317 	mov	(_ValidBitMap + 1),a
                                    318 ;	cooperative.c:134: Pointer[0] = 0x3F;
      000005 75 30 3F         [24]  319 	mov	_Pointer,#0x3f
                                    320 ;	cooperative.c:135: Pointer[1] = 0x4F;
      000008 75 31 4F         [24]  321 	mov	(_Pointer + 0x0001),#0x4f
                                    322 ;	cooperative.c:136: Pointer[2] = 0x5F;
      00000B 75 32 5F         [24]  323 	mov	(_Pointer + 0x0002),#0x5f
                                    324 ;	cooperative.c:137: Pointer[3] = 0x6F;
      00000E 75 33 6F         [24]  325 	mov	(_Pointer + 0x0003),#0x6f
                                    326 ;	cooperative.c:138: curThreadID = ThreadCreate(main);
      000011 90r00r00         [24]  327 	mov	dptr,#_main
      000014 12r00r4D         [24]  328 	lcall	_ThreadCreate
      000017 85 82 21         [24]  329 	mov	_curThreadID,dpl
                                    330 ;	cooperative.c:139: RESTORESTATE;
      00001A AF 21            [24]  331 	mov	r7,_curThreadID
      00001C BF 30 02         [24]  332 	cjne	r7,#0x30,00133$
      00001F 80 0F            [24]  333 	sjmp	00101$
      000021                        334 00133$:
      000021 BF 31 02         [24]  335 	cjne	r7,#0x31,00134$
      000024 80 0F            [24]  336 	sjmp	00102$
      000026                        337 00134$:
      000026 BF 32 02         [24]  338 	cjne	r7,#0x32,00135$
      000029 80 0F            [24]  339 	sjmp	00103$
      00002B                        340 00135$:
      00002B BF 33 14         [24]  341 	cjne	r7,#0x33,00106$
      00002E 80 0F            [24]  342 	sjmp	00104$
      000030                        343 00101$:
      000030 85 30 81         [24]  344 	mov	_SP,_Pointer
      000033 80 0D            [24]  345 	sjmp	00106$
      000035                        346 00102$:
      000035 85 31 81         [24]  347 	mov	_SP,(_Pointer + 0x0001)
      000038 80 08            [24]  348 	sjmp	00106$
      00003A                        349 00103$:
      00003A 85 32 81         [24]  350 	mov	_SP,(_Pointer + 0x0002)
      00003D 80 03            [24]  351 	sjmp	00106$
      00003F                        352 00104$:
      00003F 85 33 81         [24]  353 	mov	_SP,(_Pointer + 0x0003)
      000042                        354 00106$:
      000042 D0 D0            [24]  355 	POP PSW 
      000044 D0 83            [24]  356 	POP DPH 
      000046 D0 82            [24]  357 	POP DPL 
      000048 D0 F0            [24]  358 	POP B 
      00004A D0 E0            [24]  359 	POP ACC 
                                    360 ;	cooperative.c:140: }
      00004C 22               [24]  361 	ret
                                    362 ;------------------------------------------------------------
                                    363 ;Allocation info for local variables in function 'ThreadCreate'
                                    364 ;------------------------------------------------------------
                                    365 ;fp                        Allocated to registers 
                                    366 ;------------------------------------------------------------
                                    367 ;	cooperative.c:148: ThreadID ThreadCreate(FunctionPtr fp)
                                    368 ;	-----------------------------------------
                                    369 ;	 function ThreadCreate
                                    370 ;	-----------------------------------------
      00004D                        371 _ThreadCreate:
                                    372 ;	cooperative.c:194: if ((ValidBitMap & 0b1111) == 0b1111) {
      00004D 74 0F            [12]  373 	mov	a,#0x0f
      00004F 55 34            [12]  374 	anl	a,_ValidBitMap
      000051 FE               [12]  375 	mov	r6,a
      000052 E5 35            [12]  376 	mov	a,(_ValidBitMap + 1)
      000054 7F 00            [12]  377 	mov	r7,#0x00
      000056 BE 0F 07         [24]  378 	cjne	r6,#0x0f,00102$
      000059 BF 00 04         [24]  379 	cjne	r7,#0x00,00102$
                                    380 ;	cooperative.c:195: return -1;
      00005C 75 82 FF         [24]  381 	mov	dpl, #0xff
      00005F 22               [24]  382 	ret
      000060                        383 00102$:
                                    384 ;	cooperative.c:198: if ((ValidBitMap & 0b0001) == 0b0000) {
      000060 E5 34            [12]  385 	mov	a,_ValidBitMap
      000062 20 E0 0D         [24]  386 	jb	acc.0,00112$
                                    387 ;	cooperative.c:199: newThreadID = '0';
      000065 75 3C 30         [24]  388 	mov	_newThreadID,#0x30
                                    389 ;	cooperative.c:200: ValidBitMap |= 0b0001;
      000068 43 34 01         [24]  390 	orl	_ValidBitMap,#0x01
      00006B E5 35            [12]  391 	mov	a,(_ValidBitMap + 1)
                                    392 ;	cooperative.c:201: newSP =  Pointer[0];
      00006D 85 30 23         [24]  393 	mov	_newSP,_Pointer
      000070 80 34            [24]  394 	sjmp	00113$
      000072                        395 00112$:
                                    396 ;	cooperative.c:203: else if ((ValidBitMap & 0b0010) == 0b0000) {
      000072 E5 34            [12]  397 	mov	a,_ValidBitMap
      000074 20 E1 0D         [24]  398 	jb	acc.1,00109$
                                    399 ;	cooperative.c:204: newThreadID = '1';
      000077 75 3C 31         [24]  400 	mov	_newThreadID,#0x31
                                    401 ;	cooperative.c:205: ValidBitMap |= 0b0010;
      00007A 43 34 02         [24]  402 	orl	_ValidBitMap,#0x02
      00007D E5 35            [12]  403 	mov	a,(_ValidBitMap + 1)
                                    404 ;	cooperative.c:206: newSP =  Pointer[1];
      00007F 85 31 23         [24]  405 	mov	_newSP,(_Pointer + 0x0001)
      000082 80 22            [24]  406 	sjmp	00113$
      000084                        407 00109$:
                                    408 ;	cooperative.c:208: else if ((ValidBitMap & 0b1000) == 0b0000) {
      000084 E5 34            [12]  409 	mov	a,_ValidBitMap
      000086 20 E3 0D         [24]  410 	jb	acc.3,00106$
                                    411 ;	cooperative.c:209: newThreadID = '2';
      000089 75 3C 32         [24]  412 	mov	_newThreadID,#0x32
                                    413 ;	cooperative.c:210: ValidBitMap |= 0b0100;
      00008C 43 34 04         [24]  414 	orl	_ValidBitMap,#0x04
      00008F E5 35            [12]  415 	mov	a,(_ValidBitMap + 1)
                                    416 ;	cooperative.c:211: newSP =  Pointer[2];
      000091 85 32 23         [24]  417 	mov	_newSP,(_Pointer + 0x0002)
      000094 80 10            [24]  418 	sjmp	00113$
      000096                        419 00106$:
                                    420 ;	cooperative.c:213: else if ((ValidBitMap & 0b1000) == 0b0000) {
      000096 E5 34            [12]  421 	mov	a,_ValidBitMap
      000098 20 E3 0B         [24]  422 	jb	acc.3,00113$
                                    423 ;	cooperative.c:214: newThreadID = '3';
      00009B 75 3C 33         [24]  424 	mov	_newThreadID,#0x33
                                    425 ;	cooperative.c:215: ValidBitMap |= 0b1000;
      00009E 43 34 08         [24]  426 	orl	_ValidBitMap,#0x08
      0000A1 E5 35            [12]  427 	mov	a,(_ValidBitMap + 1)
                                    428 ;	cooperative.c:216: newSP =  Pointer[3];
      0000A3 85 33 23         [24]  429 	mov	_newSP,(_Pointer + 0x0003)
      0000A6                        430 00113$:
                                    431 ;	cooperative.c:229: __endasm;
      0000A6 85 81 22         [24]  432 	MOV	0x22, SP
      0000A9 85 23 81         [24]  433 	MOV	SP, 0x23
      0000AC C0 82            [24]  434 	PUSH	DPL
      0000AE C0 83            [24]  435 	PUSH	DPH
      0000B0 E5 00            [12]  436 	MOV	A, 0x00
      0000B2 C0 E0            [24]  437 	PUSH	A
      0000B4 C0 E0            [24]  438 	PUSH	A
      0000B6 C0 E0            [24]  439 	PUSH	A
      0000B8 C0 E0            [24]  440 	PUSH	A
                                    441 ;	cooperative.c:231: switch (newThreadID) {
      0000BA AF 3C            [24]  442 	mov	r7,_newThreadID
      0000BC BF 30 02         [24]  443 	cjne	r7,#0x30,00182$
      0000BF 80 0F            [24]  444 	sjmp	00114$
      0000C1                        445 00182$:
      0000C1 BF 31 02         [24]  446 	cjne	r7,#0x31,00183$
      0000C4 80 14            [24]  447 	sjmp	00115$
      0000C6                        448 00183$:
      0000C6 BF 32 02         [24]  449 	cjne	r7,#0x32,00184$
      0000C9 80 19            [24]  450 	sjmp	00116$
      0000CB                        451 00184$:
                                    452 ;	cooperative.c:232: case '0':
      0000CB BF 33 28         [24]  453 	cjne	r7,#0x33,00119$
      0000CE 80 1E            [24]  454 	sjmp	00117$
      0000D0                        455 00114$:
                                    456 ;	cooperative.c:233: PSW = 0b00000000;               
      0000D0 75 D0 00         [24]  457 	mov	_PSW,#0x00
                                    458 ;	cooperative.c:237: __endasm;
      0000D3 C0 D0            [24]  459 	PUSH	PSW
      0000D5 85 81 30         [24]  460 	MOV	0x30, SP
                                    461 ;	cooperative.c:238: break;
                                    462 ;	cooperative.c:239: case '1':
      0000D8 80 1C            [24]  463 	sjmp	00119$
      0000DA                        464 00115$:
                                    465 ;	cooperative.c:240: PSW = 0b00001000;
      0000DA 75 D0 08         [24]  466 	mov	_PSW,#0x08
                                    467 ;	cooperative.c:244: __endasm;
      0000DD C0 D0            [24]  468 	PUSH	PSW
      0000DF 85 81 31         [24]  469 	MOV	0x31, SP
                                    470 ;	cooperative.c:245: break;
                                    471 ;	cooperative.c:246: case '2':
      0000E2 80 12            [24]  472 	sjmp	00119$
      0000E4                        473 00116$:
                                    474 ;	cooperative.c:247: PSW = 0b00010000;
      0000E4 75 D0 10         [24]  475 	mov	_PSW,#0x10
                                    476 ;	cooperative.c:251: __endasm;
      0000E7 C0 D0            [24]  477 	PUSH	PSW
      0000E9 85 81 32         [24]  478 	MOV	0x32, SP
                                    479 ;	cooperative.c:252: break;
                                    480 ;	cooperative.c:253: case '3':
      0000EC 80 08            [24]  481 	sjmp	00119$
      0000EE                        482 00117$:
                                    483 ;	cooperative.c:254: PSW = 0b00011000;
      0000EE 75 D0 18         [24]  484 	mov	_PSW,#0x18
                                    485 ;	cooperative.c:258: __endasm;
      0000F1 C0 D0            [24]  486 	PUSH	PSW
      0000F3 85 81 33         [24]  487 	MOV	0x33, SP
                                    488 ;	cooperative.c:262: }
      0000F6                        489 00119$:
                                    490 ;	cooperative.c:264: SP = tempSP;
      0000F6 85 22 81         [24]  491 	mov	_SP,_tempSP
                                    492 ;	cooperative.c:266: return newThreadID;
      0000F9 85 3C 82         [24]  493 	mov	dpl, _newThreadID
                                    494 ;	cooperative.c:267: }
      0000FC 22               [24]  495 	ret
                                    496 ;------------------------------------------------------------
                                    497 ;Allocation info for local variables in function 'ThreadYield'
                                    498 ;------------------------------------------------------------
                                    499 ;	cooperative.c:276: void ThreadYield(void)
                                    500 ;	-----------------------------------------
                                    501 ;	 function ThreadYield
                                    502 ;	-----------------------------------------
      0000FD                        503 _ThreadYield:
                                    504 ;	cooperative.c:278: SAVESTATE;
      0000FD C0 E0            [24]  505 	PUSH ACC 
      0000FF C0 F0            [24]  506 	PUSH B 
      000101 C0 82            [24]  507 	PUSH DPL 
      000103 C0 83            [24]  508 	PUSH DPH 
      000105 C0 D0            [24]  509 	PUSH PSW 
      000107 AF 21            [24]  510 	mov	r7,_curThreadID
      000109 BF 30 02         [24]  511 	cjne	r7,#0x30,00235$
      00010C 80 0F            [24]  512 	sjmp	00101$
      00010E                        513 00235$:
      00010E BF 31 02         [24]  514 	cjne	r7,#0x31,00236$
      000111 80 0F            [24]  515 	sjmp	00102$
      000113                        516 00236$:
      000113 BF 32 02         [24]  517 	cjne	r7,#0x32,00237$
      000116 80 0F            [24]  518 	sjmp	00103$
      000118                        519 00237$:
      000118 BF 33 14         [24]  520 	cjne	r7,#0x33,00120$
      00011B 80 0F            [24]  521 	sjmp	00104$
      00011D                        522 00101$:
      00011D 85 81 30         [24]  523 	MOV 0x30, SP 
      000120 80 0D            [24]  524 	sjmp	00120$
      000122                        525 00102$:
      000122 85 81 31         [24]  526 	MOV 0x31, SP 
      000125 80 08            [24]  527 	sjmp	00120$
      000127                        528 00103$:
      000127 85 81 32         [24]  529 	MOV 0x32, SP 
      00012A 80 03            [24]  530 	sjmp	00120$
      00012C                        531 00104$:
      00012C 85 81 33         [24]  532 	MOV 0x33, SP 
                                    533 ;	cooperative.c:279: do
      00012F                        534 00120$:
                                    535 ;	cooperative.c:291: curThreadID = (curThreadID == '3') ? '0' : curThreadID + 1;
      00012F 74 33            [12]  536 	mov	a,#0x33
      000131 B5 21 04         [24]  537 	cjne	a,_curThreadID,00131$
      000134 7E 30            [12]  538 	mov	r6,#0x30
      000136 80 08            [24]  539 	sjmp	00132$
      000138                        540 00131$:
      000138 AD 21            [24]  541 	mov	r5,_curThreadID
      00013A 0D               [12]  542 	inc	r5
      00013B ED               [12]  543 	mov	a,r5
      00013C FE               [12]  544 	mov	r6,a
      00013D 33               [12]  545 	rlc	a
      00013E 95 E0            [12]  546 	subb	a,acc
      000140                        547 00132$:
      000140 8E 21            [24]  548 	mov	_curThreadID,r6
                                    549 ;	cooperative.c:294: switch (curThreadID) {
      000142 AF 21            [24]  550 	mov	r7,_curThreadID
      000144 BF 30 02         [24]  551 	cjne	r7,#0x30,00241$
      000147 80 0F            [24]  552 	sjmp	00107$
      000149                        553 00241$:
      000149 BF 31 02         [24]  554 	cjne	r7,#0x31,00242$
      00014C 80 1B            [24]  555 	sjmp	00110$
      00014E                        556 00242$:
      00014E BF 32 02         [24]  557 	cjne	r7,#0x32,00243$
      000151 80 27            [24]  558 	sjmp	00113$
      000153                        559 00243$:
                                    560 ;	cooperative.c:295: case '0':
      000153 BF 33 49         [24]  561 	cjne	r7,#0x33,00122$
      000156 80 33            [24]  562 	sjmp	00116$
      000158                        563 00107$:
                                    564 ;	cooperative.c:296: if ((ValidBitMap & 0b0001) == 0b0001) {
      000158 74 01            [12]  565 	mov	a,#0x01
      00015A 55 34            [12]  566 	anl	a,_ValidBitMap
      00015C FE               [12]  567 	mov	r6,a
      00015D E5 35            [12]  568 	mov	a,(_ValidBitMap + 1)
      00015F 7F 00            [12]  569 	mov	r7,#0x00
      000161 BE 01 CB         [24]  570 	cjne	r6,#0x01,00120$
      000164 BF 00 C8         [24]  571 	cjne	r7,#0x00,00120$
                                    572 ;	cooperative.c:297: break; // Exit loop if thread 0 is runnable
                                    573 ;	cooperative.c:300: case '1':
      000167 80 36            [24]  574 	sjmp	00122$
      000169                        575 00110$:
                                    576 ;	cooperative.c:301: if ((ValidBitMap & 0b0010) == 0b0010) {
      000169 74 02            [12]  577 	mov	a,#0x02
      00016B 55 34            [12]  578 	anl	a,_ValidBitMap
      00016D FE               [12]  579 	mov	r6,a
      00016E E5 35            [12]  580 	mov	a,(_ValidBitMap + 1)
      000170 7F 00            [12]  581 	mov	r7,#0x00
      000172 BE 02 BA         [24]  582 	cjne	r6,#0x02,00120$
      000175 BF 00 B7         [24]  583 	cjne	r7,#0x00,00120$
                                    584 ;	cooperative.c:302: break; // Exit loop if thread 1 is runnable
                                    585 ;	cooperative.c:305: case '2':
      000178 80 25            [24]  586 	sjmp	00122$
      00017A                        587 00113$:
                                    588 ;	cooperative.c:306: if ((ValidBitMap & 0b0100) == 0b0100) {
      00017A 74 04            [12]  589 	mov	a,#0x04
      00017C 55 34            [12]  590 	anl	a,_ValidBitMap
      00017E FE               [12]  591 	mov	r6,a
      00017F E5 35            [12]  592 	mov	a,(_ValidBitMap + 1)
      000181 7F 00            [12]  593 	mov	r7,#0x00
      000183 BE 04 A9         [24]  594 	cjne	r6,#0x04,00120$
      000186 BF 00 A6         [24]  595 	cjne	r7,#0x00,00120$
                                    596 ;	cooperative.c:307: break; // Exit loop if thread 2 is runnable
                                    597 ;	cooperative.c:310: case '3':
      000189 80 14            [24]  598 	sjmp	00122$
      00018B                        599 00116$:
                                    600 ;	cooperative.c:311: if ((ValidBitMap & 0b1000) == 0b1000) {
      00018B 74 08            [12]  601 	mov	a,#0x08
      00018D 55 34            [12]  602 	anl	a,_ValidBitMap
      00018F FE               [12]  603 	mov	r6,a
      000190 E5 35            [12]  604 	mov	a,(_ValidBitMap + 1)
      000192 7F 00            [12]  605 	mov	r7,#0x00
      000194 BE 08 05         [24]  606 	cjne	r6,#0x08,00251$
      000197 BF 00 02         [24]  607 	cjne	r7,#0x00,00251$
      00019A 80 03            [24]  608 	sjmp	00252$
      00019C                        609 00251$:
      00019C 02r01r2F         [24]  610 	ljmp	00120$
      00019F                        611 00252$:
                                    612 ;	cooperative.c:318: } while (1);
      00019F                        613 00122$:
                                    614 ;	cooperative.c:319: RESTORESTATE;
      00019F AF 21            [24]  615 	mov	r7,_curThreadID
      0001A1 BF 30 02         [24]  616 	cjne	r7,#0x30,00253$
      0001A4 80 0F            [24]  617 	sjmp	00123$
      0001A6                        618 00253$:
      0001A6 BF 31 02         [24]  619 	cjne	r7,#0x31,00254$
      0001A9 80 0F            [24]  620 	sjmp	00124$
      0001AB                        621 00254$:
      0001AB BF 32 02         [24]  622 	cjne	r7,#0x32,00255$
      0001AE 80 0F            [24]  623 	sjmp	00125$
      0001B0                        624 00255$:
      0001B0 BF 33 14         [24]  625 	cjne	r7,#0x33,00128$
      0001B3 80 0F            [24]  626 	sjmp	00126$
      0001B5                        627 00123$:
      0001B5 85 30 81         [24]  628 	mov	_SP,_Pointer
      0001B8 80 0D            [24]  629 	sjmp	00128$
      0001BA                        630 00124$:
      0001BA 85 31 81         [24]  631 	mov	_SP,(_Pointer + 0x0001)
      0001BD 80 08            [24]  632 	sjmp	00128$
      0001BF                        633 00125$:
      0001BF 85 32 81         [24]  634 	mov	_SP,(_Pointer + 0x0002)
      0001C2 80 03            [24]  635 	sjmp	00128$
      0001C4                        636 00126$:
      0001C4 85 33 81         [24]  637 	mov	_SP,(_Pointer + 0x0003)
      0001C7                        638 00128$:
      0001C7 D0 D0            [24]  639 	POP PSW 
      0001C9 D0 83            [24]  640 	POP DPH 
      0001CB D0 82            [24]  641 	POP DPL 
      0001CD D0 F0            [24]  642 	POP B 
      0001CF D0 E0            [24]  643 	POP ACC 
                                    644 ;	cooperative.c:320: }
      0001D1 22               [24]  645 	ret
                                    646 ;------------------------------------------------------------
                                    647 ;Allocation info for local variables in function 'ThreadExit'
                                    648 ;------------------------------------------------------------
                                    649 ;	cooperative.c:327: void ThreadExit(void)
                                    650 ;	-----------------------------------------
                                    651 ;	 function ThreadExit
                                    652 ;	-----------------------------------------
      0001D2                        653 _ThreadExit:
                                    654 ;	cooperative.c:335: switch (curThreadID) {
      0001D2 AF 21            [24]  655 	mov	r7,_curThreadID
      0001D4 BF 30 02         [24]  656 	cjne	r7,#0x30,00236$
      0001D7 80 0F            [24]  657 	sjmp	00101$
      0001D9                        658 00236$:
      0001D9 BF 31 02         [24]  659 	cjne	r7,#0x31,00237$
      0001DC 80 12            [24]  660 	sjmp	00102$
      0001DE                        661 00237$:
      0001DE BF 32 02         [24]  662 	cjne	r7,#0x32,00238$
      0001E1 80 15            [24]  663 	sjmp	00103$
      0001E3                        664 00238$:
                                    665 ;	cooperative.c:336: case '0':
      0001E3 BF 33 22         [24]  666 	cjne	r7,#0x33,00105$
      0001E6 80 18            [24]  667 	sjmp	00104$
      0001E8                        668 00101$:
                                    669 ;	cooperative.c:337: ValidBitMap &= 0b1110; // Clear bit 0
      0001E8 53 34 0E         [24]  670 	anl	_ValidBitMap,#0x0e
      0001EB 75 35 00         [24]  671 	mov	(_ValidBitMap + 1),#0x00
                                    672 ;	cooperative.c:338: break;
                                    673 ;	cooperative.c:339: case '1':
      0001EE 80 19            [24]  674 	sjmp	00121$
      0001F0                        675 00102$:
                                    676 ;	cooperative.c:340: ValidBitMap &= 0b1101; // Clear bit 1
      0001F0 53 34 0D         [24]  677 	anl	_ValidBitMap,#0x0d
      0001F3 75 35 00         [24]  678 	mov	(_ValidBitMap + 1),#0x00
                                    679 ;	cooperative.c:341: break;
                                    680 ;	cooperative.c:342: case '2':
      0001F6 80 11            [24]  681 	sjmp	00121$
      0001F8                        682 00103$:
                                    683 ;	cooperative.c:343: ValidBitMap &= 0b1011; // Clear bit 2
      0001F8 53 34 0B         [24]  684 	anl	_ValidBitMap,#0x0b
      0001FB 75 35 00         [24]  685 	mov	(_ValidBitMap + 1),#0x00
                                    686 ;	cooperative.c:344: break;
                                    687 ;	cooperative.c:345: case '3':
      0001FE 80 09            [24]  688 	sjmp	00121$
      000200                        689 00104$:
                                    690 ;	cooperative.c:346: ValidBitMap &= 0b0111; // Clear bit 3
      000200 53 34 07         [24]  691 	anl	_ValidBitMap,#0x07
      000203 75 35 00         [24]  692 	mov	(_ValidBitMap + 1),#0x00
                                    693 ;	cooperative.c:347: break;
                                    694 ;	cooperative.c:348: default:
      000206 80 01            [24]  695 	sjmp	00121$
      000208                        696 00105$:
                                    697 ;	cooperative.c:349: return;
      000208 22               [24]  698 	ret
                                    699 ;	cooperative.c:352: do {
      000209                        700 00121$:
                                    701 ;	cooperative.c:353: curThreadID = (curThreadID == '3') ? '0' : curThreadID + 1;
      000209 74 33            [12]  702 	mov	a,#0x33
      00020B B5 21 04         [24]  703 	cjne	a,_curThreadID,00132$
      00020E 7E 30            [12]  704 	mov	r6,#0x30
      000210 80 08            [24]  705 	sjmp	00133$
      000212                        706 00132$:
      000212 AD 21            [24]  707 	mov	r5,_curThreadID
      000214 0D               [12]  708 	inc	r5
      000215 ED               [12]  709 	mov	a,r5
      000216 FE               [12]  710 	mov	r6,a
      000217 33               [12]  711 	rlc	a
      000218 95 E0            [12]  712 	subb	a,acc
      00021A                        713 00133$:
      00021A 8E 21            [24]  714 	mov	_curThreadID,r6
                                    715 ;	cooperative.c:355: switch (curThreadID) {
      00021C AF 21            [24]  716 	mov	r7,_curThreadID
      00021E BF 30 02         [24]  717 	cjne	r7,#0x30,00242$
      000221 80 0F            [24]  718 	sjmp	00107$
      000223                        719 00242$:
      000223 BF 31 02         [24]  720 	cjne	r7,#0x31,00243$
      000226 80 1B            [24]  721 	sjmp	00110$
      000228                        722 00243$:
      000228 BF 32 02         [24]  723 	cjne	r7,#0x32,00244$
      00022B 80 27            [24]  724 	sjmp	00113$
      00022D                        725 00244$:
                                    726 ;	cooperative.c:356: case '0':
      00022D BF 33 49         [24]  727 	cjne	r7,#0x33,00123$
      000230 80 33            [24]  728 	sjmp	00116$
      000232                        729 00107$:
                                    730 ;	cooperative.c:357: if ((ValidBitMap & 0b0001) == 0b0001) {
      000232 74 01            [12]  731 	mov	a,#0x01
      000234 55 34            [12]  732 	anl	a,_ValidBitMap
      000236 FE               [12]  733 	mov	r6,a
      000237 E5 35            [12]  734 	mov	a,(_ValidBitMap + 1)
      000239 7F 00            [12]  735 	mov	r7,#0x00
      00023B BE 01 CB         [24]  736 	cjne	r6,#0x01,00121$
      00023E BF 00 C8         [24]  737 	cjne	r7,#0x00,00121$
                                    738 ;	cooperative.c:358: break; // Exit loop if thread 0 is valid
                                    739 ;	cooperative.c:361: case '1':
      000241 80 36            [24]  740 	sjmp	00123$
      000243                        741 00110$:
                                    742 ;	cooperative.c:362: if ((ValidBitMap & 0b0010) == 0b0010) {
      000243 74 02            [12]  743 	mov	a,#0x02
      000245 55 34            [12]  744 	anl	a,_ValidBitMap
      000247 FE               [12]  745 	mov	r6,a
      000248 E5 35            [12]  746 	mov	a,(_ValidBitMap + 1)
      00024A 7F 00            [12]  747 	mov	r7,#0x00
      00024C BE 02 BA         [24]  748 	cjne	r6,#0x02,00121$
      00024F BF 00 B7         [24]  749 	cjne	r7,#0x00,00121$
                                    750 ;	cooperative.c:363: break; // Exit loop if thread 1 is valid
                                    751 ;	cooperative.c:366: case '2':
      000252 80 25            [24]  752 	sjmp	00123$
      000254                        753 00113$:
                                    754 ;	cooperative.c:367: if ((ValidBitMap & 0b0100) == 0b0100) {
      000254 74 04            [12]  755 	mov	a,#0x04
      000256 55 34            [12]  756 	anl	a,_ValidBitMap
      000258 FE               [12]  757 	mov	r6,a
      000259 E5 35            [12]  758 	mov	a,(_ValidBitMap + 1)
      00025B 7F 00            [12]  759 	mov	r7,#0x00
      00025D BE 04 A9         [24]  760 	cjne	r6,#0x04,00121$
      000260 BF 00 A6         [24]  761 	cjne	r7,#0x00,00121$
                                    762 ;	cooperative.c:368: break; // Exit loop if thread 2 is valid
                                    763 ;	cooperative.c:371: case '3':
      000263 80 14            [24]  764 	sjmp	00123$
      000265                        765 00116$:
                                    766 ;	cooperative.c:372: if ((ValidBitMap & 0b1000) == 0b1000) {
      000265 74 08            [12]  767 	mov	a,#0x08
      000267 55 34            [12]  768 	anl	a,_ValidBitMap
      000269 FE               [12]  769 	mov	r6,a
      00026A E5 35            [12]  770 	mov	a,(_ValidBitMap + 1)
      00026C 7F 00            [12]  771 	mov	r7,#0x00
      00026E BE 08 05         [24]  772 	cjne	r6,#0x08,00252$
      000271 BF 00 02         [24]  773 	cjne	r7,#0x00,00252$
      000274 80 03            [24]  774 	sjmp	00253$
      000276                        775 00252$:
      000276 02r02r09         [24]  776 	ljmp	00121$
      000279                        777 00253$:
                                    778 ;	cooperative.c:380: } while (1);
      000279                        779 00123$:
                                    780 ;	cooperative.c:382: RESTORESTATE;
      000279 AF 21            [24]  781 	mov	r7,_curThreadID
      00027B BF 30 02         [24]  782 	cjne	r7,#0x30,00254$
      00027E 80 0F            [24]  783 	sjmp	00124$
      000280                        784 00254$:
      000280 BF 31 02         [24]  785 	cjne	r7,#0x31,00255$
      000283 80 0F            [24]  786 	sjmp	00125$
      000285                        787 00255$:
      000285 BF 32 02         [24]  788 	cjne	r7,#0x32,00256$
      000288 80 0F            [24]  789 	sjmp	00126$
      00028A                        790 00256$:
      00028A BF 33 14         [24]  791 	cjne	r7,#0x33,00129$
      00028D 80 0F            [24]  792 	sjmp	00127$
      00028F                        793 00124$:
      00028F 85 30 81         [24]  794 	mov	_SP,_Pointer
      000292 80 0D            [24]  795 	sjmp	00129$
      000294                        796 00125$:
      000294 85 31 81         [24]  797 	mov	_SP,(_Pointer + 0x0001)
      000297 80 08            [24]  798 	sjmp	00129$
      000299                        799 00126$:
      000299 85 32 81         [24]  800 	mov	_SP,(_Pointer + 0x0002)
      00029C 80 03            [24]  801 	sjmp	00129$
      00029E                        802 00127$:
      00029E 85 33 81         [24]  803 	mov	_SP,(_Pointer + 0x0003)
      0002A1                        804 00129$:
      0002A1 D0 D0            [24]  805 	POP PSW 
      0002A3 D0 83            [24]  806 	POP DPH 
      0002A5 D0 82            [24]  807 	POP DPL 
      0002A7 D0 F0            [24]  808 	POP B 
      0002A9 D0 E0            [24]  809 	POP ACC 
                                    810 ;	cooperative.c:383: }
      0002AB 22               [24]  811 	ret
                                    812 	.area CSEG    (CODE)
                                    813 	.area CONST   (CODE)
                                    814 	.area XINIT   (CODE)
                                    815 	.area CABS    (ABS,CODE)
